started_at=2026-03-22T12:32:18Z
============================= test session starts ==============================
platform linux -- Python 3.11.14, pytest-9.0.2, pluggy-1.6.0 -- /usr/local/bin/python
cachedir: .pytest_cache
rootdir: /home/user/Po_core
configfile: pytest.ini
plugins: dash-4.0.0, anyio-4.12.1, asyncio-1.3.0, cov-7.1.0
asyncio: mode=Mode.STRICT, debug=False, asyncio_default_fixture_loop_scope=None, asyncio_default_test_loop_scope=function
collecting ... collected 62 items

tests/test_golden_e2e.py::test_required_expected_files_exist PASSED      [  1%]
tests/test_golden_e2e.py::test_golden_e2e_output_matches_expected[case_001_expected] PASSED [  3%]
tests/test_golden_e2e.py::test_golden_e2e_output_matches_expected[case_009_expected] PASSED [  4%]
tests/test_golden_e2e.py::test_golden_e2e_output_matches_expected[case_010_expected] PASSED [  6%]
tests/test_golden_e2e.py::test_run_case_file_deterministic PASSED        [  8%]
tests/test_golden_e2e.py::test_empty_values_triggers_no_recommendation PASSED [  9%]
tests/test_golden_e2e.py::test_constraint_conflict_triggers_recommendation PASSED [ 11%]
tests/test_golden_e2e.py::test_nonempty_values_triggers_recommendation PASSED [ 12%]
tests/test_golden_e2e.py::test_run_case_file_schema_valid PASSED         [ 14%]
tests/test_golden_e2e.py::test_input_digest_is_64_hex_chars PASSED       [ 16%]
tests/test_golden_e2e.py::test_run_case_file_missing_file_raises PASSED  [ 17%]
tests/test_input_schema.py::test_scenarios_directory_exists PASSED       [ 19%]
tests/test_input_schema.py::test_has_at_least_one_case_yaml PASSED       [ 20%]
tests/test_input_schema.py::test_has_expected_ten_cases PASSED           [ 22%]
tests/test_input_schema.py::test_case_yaml_conforms_to_input_schema[case_001.yaml] PASSED [ 24%]
tests/test_input_schema.py::test_case_yaml_conforms_to_input_schema[case_002.yaml] PASSED [ 25%]
tests/test_input_schema.py::test_case_yaml_conforms_to_input_schema[case_003.yaml] PASSED [ 27%]
tests/test_input_schema.py::test_case_yaml_conforms_to_input_schema[case_004.yaml] PASSED [ 29%]
tests/test_input_schema.py::test_case_yaml_conforms_to_input_schema[case_005.yaml] PASSED [ 30%]
tests/test_input_schema.py::test_case_yaml_conforms_to_input_schema[case_006.yaml] PASSED [ 32%]
tests/test_input_schema.py::test_case_yaml_conforms_to_input_schema[case_007.yaml] PASSED [ 33%]
tests/test_input_schema.py::test_case_yaml_conforms_to_input_schema[case_008.yaml] PASSED [ 35%]
tests/test_input_schema.py::test_case_yaml_conforms_to_input_schema[case_009.yaml] PASSED [ 37%]
tests/test_input_schema.py::test_case_yaml_conforms_to_input_schema[case_010.yaml] PASSED [ 38%]
tests/test_input_schema.py::test_case_yaml_conforms_to_input_schema[case_011.yaml] PASSED [ 40%]
tests/test_input_schema.py::test_case_yaml_conforms_to_input_schema[case_012.yaml] PASSED [ 41%]
tests/test_input_schema.py::test_case_yaml_conforms_to_input_schema[case_013.yaml] PASSED [ 43%]
tests/test_input_schema.py::test_case_yaml_conforms_to_input_schema[case_014.yaml] PASSED [ 45%]
tests/test_input_schema.py::test_case_yaml_conforms_to_input_schema[case_015.yaml] PASSED [ 46%]
tests/test_input_schema.py::test_case_yaml_conforms_to_input_schema[session_001_base.yaml] PASSED [ 48%]
tests/test_input_schema.py::test_case_yaml_has_required_fields[case_001.yaml] PASSED [ 50%]
tests/test_input_schema.py::test_case_yaml_has_required_fields[case_002.yaml] PASSED [ 51%]
tests/test_input_schema.py::test_case_yaml_has_required_fields[case_003.yaml] PASSED [ 53%]
tests/test_input_schema.py::test_case_yaml_has_required_fields[case_004.yaml] PASSED [ 54%]
tests/test_input_schema.py::test_case_yaml_has_required_fields[case_005.yaml] PASSED [ 56%]
tests/test_input_schema.py::test_case_yaml_has_required_fields[case_006.yaml] PASSED [ 58%]
tests/test_input_schema.py::test_case_yaml_has_required_fields[case_007.yaml] PASSED [ 59%]
tests/test_input_schema.py::test_case_yaml_has_required_fields[case_008.yaml] PASSED [ 61%]
tests/test_input_schema.py::test_case_yaml_has_required_fields[case_009.yaml] PASSED [ 62%]
tests/test_input_schema.py::test_case_yaml_has_required_fields[case_010.yaml] PASSED [ 64%]
tests/test_input_schema.py::test_case_yaml_has_required_fields[case_011.yaml] PASSED [ 66%]
tests/test_input_schema.py::test_case_yaml_has_required_fields[case_012.yaml] PASSED [ 67%]
tests/test_input_schema.py::test_case_yaml_has_required_fields[case_013.yaml] PASSED [ 69%]
tests/test_input_schema.py::test_case_yaml_has_required_fields[case_014.yaml] PASSED [ 70%]
tests/test_input_schema.py::test_case_yaml_has_required_fields[case_015.yaml] PASSED [ 72%]
tests/test_input_schema.py::test_case_yaml_has_required_fields[session_001_base.yaml] PASSED [ 74%]
tests/test_input_schema.py::test_case_yaml_values_empty_is_ok[case_001.yaml] PASSED [ 75%]
tests/test_input_schema.py::test_case_yaml_values_empty_is_ok[case_002.yaml] PASSED [ 77%]
tests/test_input_schema.py::test_case_yaml_values_empty_is_ok[case_003.yaml] PASSED [ 79%]
tests/test_input_schema.py::test_case_yaml_values_empty_is_ok[case_004.yaml] PASSED [ 80%]
tests/test_input_schema.py::test_case_yaml_values_empty_is_ok[case_005.yaml] PASSED [ 82%]
tests/test_input_schema.py::test_case_yaml_values_empty_is_ok[case_006.yaml] PASSED [ 83%]
tests/test_input_schema.py::test_case_yaml_values_empty_is_ok[case_007.yaml] PASSED [ 85%]
tests/test_input_schema.py::test_case_yaml_values_empty_is_ok[case_008.yaml] PASSED [ 87%]
tests/test_input_schema.py::test_case_yaml_values_empty_is_ok[case_009.yaml] PASSED [ 88%]
tests/test_input_schema.py::test_case_yaml_values_empty_is_ok[case_010.yaml] PASSED [ 90%]
tests/test_input_schema.py::test_case_yaml_values_empty_is_ok[case_011.yaml] PASSED [ 91%]
tests/test_input_schema.py::test_case_yaml_values_empty_is_ok[case_012.yaml] PASSED [ 93%]
tests/test_input_schema.py::test_case_yaml_values_empty_is_ok[case_013.yaml] PASSED [ 95%]
tests/test_input_schema.py::test_case_yaml_values_empty_is_ok[case_014.yaml] PASSED [ 96%]
tests/test_input_schema.py::test_case_yaml_values_empty_is_ok[case_015.yaml] PASSED [ 98%]
tests/test_input_schema.py::test_case_yaml_values_empty_is_ok[session_001_base.yaml] PASSED [100%]

============================== 62 passed in 1.41s ==============================
exit_code=0
ended_at=2026-03-22T12:32:21Z
